<?xml version="1.0" encoding="UTF-8"?>
<testng-results ignored="0" total="1" passed="1" failed="0" skipped="0">
  <reporter-output>
  </reporter-output>
  <suite started-at="2022-07-09T15:43:06Z" name="Default suite" finished-at="2022-07-09T15:44:44Z" duration-ms="98783">
    <groups>
    </groups>
    <test started-at="2022-07-09T15:43:06Z" name="Default test" finished-at="2022-07-09T15:44:44Z" duration-ms="98783">
      <class name="Scripts.TS_Search_Name_Directory">
        <test-method is-config="true" signature="Test()[pri:0, instance:Scripts.TS_Search_Name_Directory@73cd37c0]" started-at="2022-07-09T15:43:06Z" name="Test" finished-at="2022-07-09T15:43:09Z" duration-ms="3874" status="PASS">
          <reporter-output>
          </reporter-output>
        </test-method> <!-- Test -->
        <test-method is-config="true" signature="beforeTest()[pri:0, instance:Scripts.TS_Search_Name_Directory@73cd37c0]" started-at="2022-07-09T15:43:12Z" name="beforeTest" finished-at="2022-07-09T15:43:16Z" duration-ms="3976" status="PASS">
          <reporter-output>
          </reporter-output>
        </test-method> <!-- beforeTest -->
        <test-method signature="orderSearchWCC(java.util.HashMap)[pri:0, instance:Scripts.TS_Search_Name_Directory@73cd37c0]" started-at="2022-07-09T15:43:16Z" name="orderSearchWCC" data-provider="RequireData" finished-at="2022-07-09T15:44:41Z" duration-ms="85191" status="PASS">
          <params>
            <param index="0">
              <value>
                <![CDATA[{=, Description=Directory Search with Name, ManualTestCase=null, TestCaseID=TS_Directory_SearchName_1, Job Title=, Name=Kajal;Prajakta, Location=}]]>
              </value>
            </param>
          </params>
          <reporter-output>
          </reporter-output>
        </test-method> <!-- orderSearchWCC -->
        <test-method is-config="true" signature="ExtentReport(org.testng.ITestResult)[pri:0, instance:Scripts.TS_Search_Name_Directory@73cd37c0]" started-at="2022-07-09T15:44:41Z" name="ExtentReport" finished-at="2022-07-09T15:44:41Z" duration-ms="1" status="PASS">
          <params>
            <param index="0">
              <value>
                <![CDATA[[TestResult name=orderSearchWCC status=SUCCESS method=TS_Search_Name_Directory.orderSearchWCC(java.util.HashMap)[pri:0, instance:Scripts.TS_Search_Name_Directory@73cd37c0] output={null}]]]>
              </value>
            </param>
          </params>
          <reporter-output>
          </reporter-output>
        </test-method> <!-- ExtentReport -->
        <test-method is-config="true" signature="Display()[pri:0, instance:Scripts.TS_Search_Name_Directory@73cd37c0]" started-at="2022-07-09T15:44:41Z" name="Display" finished-at="2022-07-09T15:44:44Z" duration-ms="3082" status="PASS">
          <reporter-output>
          </reporter-output>
        </test-method> <!-- Display -->
      </class> <!-- Scripts.TS_Search_Name_Directory -->
    </test> <!-- Default test -->
  </suite> <!-- Default suite -->
</testng-results>
